2025-04-15 16:31:21,763 - INFO - ('Current icons color ', None, 'New icons color', '#FFFFFF')
2025-04-15 16:31:21,816 - INFO - Generating icons for your theme, please wait. This may take long
2025-04-15 16:31:22,752 - INFO - ('DONE: Current icons color ', '#FFFFFF')
2025-04-15 18:49:03,491 - INFO - Checking icons for Default-theme theme. Icons color: #FFFFFF
2025-04-15 18:49:04,915 - INFO - Checking icons for Default-theme theme. Icons color: #FFFFFF
2025-04-15 18:49:05,746 - INFO - Checking icons for qt designer app.
2025-04-15 18:49:06,701 - INFO - all icons have been checked and missing icons generated!
2025-04-16 16:37:16,304 - INFO - Checking icons for Default-theme theme. Icons color: #FFFFFF
2025-04-16 16:37:17,909 - INFO - Checking icons for Default-theme theme. Icons color: #FFFFFF
2025-04-16 16:37:18,685 - INFO - Checking icons for qt designer app.
2025-04-16 16:37:19,460 - INFO - all icons have been checked and missing icons generated!
2025-04-16 16:38:09,095 - INFO - Checking icons for Default-theme theme. Icons color: #FFFFFF
2025-04-16 16:38:09,892 - INFO - Checking icons for Default-theme theme. Icons color: #FFFFFF
2025-04-16 16:38:10,664 - INFO - Checking icons for qt designer app.
2025-04-16 16:38:11,454 - INFO - all icons have been checked and missing icons generated!
2025-04-16 16:44:33,305 - INFO - Checking icons for Default-theme theme. Icons color: #FFFFFF
2025-04-16 16:44:34,135 - INFO - Checking icons for Default-theme theme. Icons color: #FFFFFF
2025-04-16 16:44:34,914 - INFO - Checking icons for qt designer app.
2025-04-16 16:44:35,688 - INFO - all icons have been checked and missing icons generated!
2025-04-16 16:47:01,321 - INFO - Checking icons for Default-theme theme. Icons color: #FFFFFF
2025-04-16 16:47:02,102 - INFO - Checking icons for Default-theme theme. Icons color: #FFFFFF
2025-04-16 16:47:02,871 - INFO - Checking icons for qt designer app.
2025-04-16 16:47:03,644 - INFO - all icons have been checked and missing icons generated!
2025-04-16 16:50:52,368 - INFO - Checking icons for Default-theme theme. Icons color: #FFFFFF
2025-04-16 16:50:53,204 - INFO - Checking icons for Default-theme theme. Icons color: #FFFFFF
2025-04-16 16:50:53,982 - INFO - Checking icons for qt designer app.
2025-04-16 16:50:54,754 - INFO - all icons have been checked and missing icons generated!
2025-04-16 16:51:48,135 - INFO - Checking icons for Default-theme theme. Icons color: #FFFFFF
2025-04-16 16:51:48,971 - INFO - Checking icons for Default-theme theme. Icons color: #FFFFFF
2025-04-16 16:51:49,748 - INFO - Checking icons for qt designer app.
2025-04-16 16:51:50,518 - INFO - all icons have been checked and missing icons generated!
2025-04-16 16:56:39,487 - INFO - Checking icons for Default-theme theme. Icons color: #FFFFFF
2025-04-16 16:56:40,272 - INFO - Checking icons for Default-theme theme. Icons color: #FFFFFF
2025-04-16 16:56:41,047 - INFO - Checking icons for qt designer app.
2025-04-16 16:56:41,820 - INFO - all icons have been checked and missing icons generated!
2025-04-16 17:02:28,229 - INFO - Checking icons for Default-theme theme. Icons color: #FFFFFF
2025-04-16 17:02:29,010 - INFO - Checking icons for Default-theme theme. Icons color: #FFFFFF
2025-04-16 17:02:29,778 - INFO - Checking icons for qt designer app.
2025-04-16 17:02:30,554 - INFO - all icons have been checked and missing icons generated!
2025-04-16 17:05:28,380 - INFO - Checking icons for Default-theme theme. Icons color: #FFFFFF
2025-04-16 17:05:29,162 - INFO - Checking icons for Default-theme theme. Icons color: #FFFFFF
2025-04-16 17:05:29,946 - INFO - Checking icons for qt designer app.
2025-04-16 17:05:30,735 - INFO - all icons have been checked and missing icons generated!
2025-04-16 17:07:16,954 - INFO - Checking icons for Default-theme theme. Icons color: #FFFFFF
2025-04-16 17:07:17,753 - INFO - Checking icons for Default-theme theme. Icons color: #FFFFFF
2025-04-16 17:07:18,540 - INFO - Checking icons for qt designer app.
2025-04-16 17:07:19,309 - INFO - all icons have been checked and missing icons generated!
2025-04-16 17:10:13,463 - INFO - Checking icons for Default-theme theme. Icons color: #FFFFFF
2025-04-16 17:10:14,253 - INFO - Checking icons for Default-theme theme. Icons color: #FFFFFF
2025-04-16 17:10:15,028 - INFO - Checking icons for qt designer app.
2025-04-16 17:10:15,794 - INFO - all icons have been checked and missing icons generated!
2025-04-16 17:16:30,054 - INFO - Checking icons for Default-theme theme. Icons color: #FFFFFF
2025-04-16 17:16:30,879 - INFO - Checking icons for Default-theme theme. Icons color: #FFFFFF
2025-04-16 17:16:31,673 - INFO - Checking icons for qt designer app.
2025-04-16 17:16:32,447 - INFO - all icons have been checked and missing icons generated!
2025-04-16 17:19:05,975 - INFO - Checking icons for Default-theme theme. Icons color: #FFFFFF
2025-04-16 17:19:06,774 - INFO - Checking icons for Default-theme theme. Icons color: #FFFFFF
2025-04-16 17:19:07,543 - INFO - Checking icons for qt designer app.
2025-04-16 17:19:08,315 - INFO - all icons have been checked and missing icons generated!
2025-04-16 17:24:03,735 - INFO - Checking icons for Default-theme theme. Icons color: #FFFFFF
2025-04-16 17:24:04,575 - INFO - Checking icons for Default-theme theme. Icons color: #FFFFFF
2025-04-16 17:24:05,346 - INFO - Checking icons for qt designer app.
2025-04-16 17:24:06,119 - INFO - all icons have been checked and missing icons generated!
2025-04-16 17:27:45,837 - INFO - Checking icons for Default-theme theme. Icons color: #FFFFFF
2025-04-16 17:27:46,624 - INFO - Checking icons for Default-theme theme. Icons color: #FFFFFF
2025-04-16 17:27:47,393 - INFO - Checking icons for qt designer app.
2025-04-16 17:27:48,157 - INFO - all icons have been checked and missing icons generated!
2025-04-16 17:28:34,571 - INFO - Checking icons for Default-theme theme. Icons color: #FFFFFF
2025-04-16 17:28:35,358 - INFO - Checking icons for Default-theme theme. Icons color: #FFFFFF
2025-04-16 17:28:36,138 - INFO - Checking icons for qt designer app.
2025-04-16 17:28:36,912 - INFO - all icons have been checked and missing icons generated!
2025-04-16 17:30:19,001 - INFO - Checking icons for Default-theme theme. Icons color: #FFFFFF
2025-04-16 17:30:19,846 - INFO - Checking icons for Default-theme theme. Icons color: #FFFFFF
2025-04-16 17:30:20,623 - INFO - Checking icons for qt designer app.
2025-04-16 17:30:21,393 - INFO - all icons have been checked and missing icons generated!
2025-04-16 17:40:05,204 - INFO - Checking icons for Default-theme theme. Icons color: #FFFFFF
2025-04-16 17:40:05,988 - INFO - Checking icons for Default-theme theme. Icons color: #FFFFFF
2025-04-16 17:40:06,775 - INFO - Checking icons for qt designer app.
2025-04-16 17:40:07,552 - INFO - all icons have been checked and missing icons generated!
2025-04-16 17:47:13,978 - INFO - Checking icons for Default-theme theme. Icons color: #FFFFFF
2025-04-16 17:47:14,761 - INFO - Checking icons for Default-theme theme. Icons color: #FFFFFF
2025-04-16 17:47:15,556 - INFO - Checking icons for qt designer app.
2025-04-16 17:47:16,393 - INFO - all icons have been checked and missing icons generated!
2025-04-16 17:48:36,882 - INFO - Checking icons for Default-theme theme. Icons color: #FFFFFF
2025-04-16 17:48:37,657 - INFO - Checking icons for Default-theme theme. Icons color: #FFFFFF
2025-04-16 17:48:38,423 - INFO - Checking icons for qt designer app.
2025-04-16 17:48:39,189 - INFO - all icons have been checked and missing icons generated!
2025-04-16 17:49:26,416 - INFO - Checking icons for Default-theme theme. Icons color: #FFFFFF
2025-04-16 17:49:27,205 - INFO - Checking icons for Default-theme theme. Icons color: #FFFFFF
2025-04-16 17:49:27,970 - INFO - Checking icons for qt designer app.
2025-04-16 17:49:28,738 - INFO - all icons have been checked and missing icons generated!
2025-04-16 17:50:14,666 - INFO - Checking icons for Default-theme theme. Icons color: #FFFFFF
2025-04-16 17:50:15,443 - INFO - Checking icons for Default-theme theme. Icons color: #FFFFFF
2025-04-16 17:50:16,221 - INFO - Checking icons for qt designer app.
2025-04-16 17:50:17,013 - INFO - all icons have been checked and missing icons generated!
2025-04-16 17:54:28,130 - INFO - Checking icons for Default-theme theme. Icons color: #FFFFFF
2025-04-16 17:54:28,903 - INFO - Checking icons for Default-theme theme. Icons color: #FFFFFF
2025-04-16 17:54:29,668 - INFO - Checking icons for qt designer app.
2025-04-16 17:54:30,445 - INFO - all icons have been checked and missing icons generated!
2025-04-16 17:55:27,466 - INFO - Checking icons for Default-theme theme. Icons color: #FFFFFF
2025-04-16 17:55:28,245 - INFO - Checking icons for Default-theme theme. Icons color: #FFFFFF
2025-04-16 17:55:29,104 - INFO - Checking icons for qt designer app.
2025-04-16 17:55:29,872 - INFO - all icons have been checked and missing icons generated!
2025-04-18 15:48:27,505 - INFO - Checking icons for Default-theme theme. Icons color: #FFFFFF
2025-04-18 15:48:28,800 - INFO - Checking icons for Default-theme theme. Icons color: #FFFFFF
2025-04-18 15:48:29,616 - INFO - Checking icons for qt designer app.
2025-04-18 15:48:30,436 - INFO - all icons have been checked and missing icons generated!
2025-04-18 15:49:21,339 - INFO - Checking icons for Default-theme theme. Icons color: #FFFFFF
2025-04-18 15:49:22,257 - INFO - Checking icons for Default-theme theme. Icons color: #FFFFFF
2025-04-18 15:49:23,116 - INFO - Checking icons for qt designer app.
2025-04-18 15:51:03,632 - INFO - Checking icons for Default-theme theme. Icons color: #FFFFFF
2025-04-18 15:51:04,474 - INFO - Checking icons for Default-theme theme. Icons color: #FFFFFF
2025-04-18 15:51:05,286 - INFO - Checking icons for qt designer app.
2025-04-18 15:51:06,111 - INFO - all icons have been checked and missing icons generated!
2025-04-18 16:02:48,784 - INFO - Checking icons for Default-theme theme. Icons color: #FFFFFF
2025-04-18 16:02:49,670 - INFO - Checking icons for Default-theme theme. Icons color: #FFFFFF
2025-04-18 16:02:50,493 - INFO - Checking icons for qt designer app.
2025-04-18 16:02:51,319 - INFO - all icons have been checked and missing icons generated!
2025-04-18 16:03:56,686 - INFO - Checking icons for Default-theme theme. Icons color: #FFFFFF
2025-04-18 16:03:57,698 - INFO - Checking icons for Default-theme theme. Icons color: #FFFFFF
2025-04-18 16:03:58,592 - INFO - Checking icons for qt designer app.
2025-04-18 16:03:59,495 - INFO - all icons have been checked and missing icons generated!
2025-04-18 16:08:06,724 - INFO - Checking icons for Default-theme theme. Icons color: #FFFFFF
2025-04-18 16:08:07,589 - INFO - Checking icons for Default-theme theme. Icons color: #FFFFFF
2025-04-18 16:08:08,421 - INFO - Checking icons for qt designer app.
2025-04-18 16:08:09,261 - INFO - all icons have been checked and missing icons generated!
2025-04-18 16:35:15,176 - INFO - Checking icons for Default-theme theme. Icons color: #FFFFFF
2025-04-18 16:35:16,042 - INFO - Checking icons for Default-theme theme. Icons color: #FFFFFF
2025-04-18 16:35:16,866 - INFO - Checking icons for qt designer app.
2025-04-18 16:35:17,705 - INFO - all icons have been checked and missing icons generated!
2025-04-18 16:55:11,257 - INFO - Checking icons for Default-theme theme. Icons color: #FFFFFF
2025-04-18 16:55:12,100 - INFO - Checking icons for Default-theme theme. Icons color: #FFFFFF
2025-04-18 16:55:13,010 - INFO - Checking icons for qt designer app.
2025-04-18 16:55:13,869 - INFO - all icons have been checked and missing icons generated!
2025-04-18 17:05:21,628 - INFO - Checking icons for Default-theme theme. Icons color: #FFFFFF
2025-04-18 17:05:22,464 - INFO - Checking icons for Default-theme theme. Icons color: #FFFFFF
2025-04-18 17:05:23,299 - INFO - Checking icons for qt designer app.
2025-04-18 17:05:24,173 - INFO - all icons have been checked and missing icons generated!
2025-04-18 17:05:41,313 - INFO - Checking icons for Default-theme theme. Icons color: #FFFFFF
2025-04-18 17:05:42,191 - INFO - Checking icons for Default-theme theme. Icons color: #FFFFFF
2025-04-18 17:05:43,008 - INFO - Checking icons for qt designer app.
2025-04-18 17:05:43,825 - INFO - all icons have been checked and missing icons generated!
2025-04-18 17:06:48,831 - INFO - Checking icons for Default-theme theme. Icons color: #FFFFFF
2025-04-18 17:06:49,738 - INFO - Checking icons for Default-theme theme. Icons color: #FFFFFF
2025-04-18 17:06:50,547 - INFO - Checking icons for qt designer app.
2025-04-18 17:06:51,382 - INFO - all icons have been checked and missing icons generated!
2025-04-18 17:07:39,594 - INFO - Checking icons for Default-theme theme. Icons color: #FFFFFF
2025-04-18 17:07:40,501 - INFO - Checking icons for Default-theme theme. Icons color: #FFFFFF
2025-04-18 17:07:41,324 - INFO - Checking icons for qt designer app.
2025-04-18 17:07:42,166 - INFO - all icons have been checked and missing icons generated!
2025-04-18 17:09:17,956 - INFO - Checking icons for Default-theme theme. Icons color: #FFFFFF
2025-04-18 17:09:18,861 - INFO - Checking icons for Default-theme theme. Icons color: #FFFFFF
2025-04-18 17:09:19,680 - INFO - Checking icons for qt designer app.
2025-04-18 17:09:20,506 - INFO - all icons have been checked and missing icons generated!
2025-04-18 17:10:56,403 - INFO - Checking icons for Default-theme theme. Icons color: #FFFFFF
2025-04-18 17:10:57,216 - INFO - Checking icons for Default-theme theme. Icons color: #FFFFFF
2025-04-18 17:10:58,045 - INFO - Checking icons for qt designer app.
2025-04-18 17:10:58,882 - INFO - all icons have been checked and missing icons generated!
2025-04-18 17:12:55,299 - INFO - Checking icons for Default-theme theme. Icons color: #FFFFFF
2025-04-18 17:12:56,156 - INFO - Checking icons for Default-theme theme. Icons color: #FFFFFF
2025-04-18 17:12:57,008 - INFO - Checking icons for qt designer app.
2025-04-18 17:12:57,874 - INFO - all icons have been checked and missing icons generated!
2025-04-18 17:14:11,011 - INFO - Checking icons for Default-theme theme. Icons color: #FFFFFF
2025-04-18 17:14:11,863 - INFO - Checking icons for Default-theme theme. Icons color: #FFFFFF
2025-04-18 17:14:12,738 - INFO - Checking icons for qt designer app.
2025-04-18 17:14:13,575 - INFO - all icons have been checked and missing icons generated!
2025-04-18 17:15:08,059 - INFO - Checking icons for Default-theme theme. Icons color: #FFFFFF
2025-04-18 17:15:08,920 - INFO - Checking icons for Default-theme theme. Icons color: #FFFFFF
2025-04-18 17:15:09,749 - INFO - Checking icons for qt designer app.
2025-04-18 17:15:10,625 - INFO - all icons have been checked and missing icons generated!
2025-04-18 17:17:15,406 - INFO - Checking icons for Default-theme theme. Icons color: #FFFFFF
2025-04-18 17:17:16,257 - INFO - Checking icons for Default-theme theme. Icons color: #FFFFFF
2025-04-18 17:17:17,130 - INFO - Checking icons for qt designer app.
2025-04-18 17:17:17,975 - INFO - all icons have been checked and missing icons generated!
2025-04-18 17:19:36,586 - INFO - Checking icons for Default-theme theme. Icons color: #FFFFFF
2025-04-18 17:19:37,463 - INFO - Checking icons for Default-theme theme. Icons color: #FFFFFF
2025-04-18 17:19:38,381 - INFO - Checking icons for qt designer app.
2025-04-18 17:19:39,257 - INFO - all icons have been checked and missing icons generated!
2025-04-18 17:20:20,409 - INFO - Checking icons for Default-theme theme. Icons color: #FFFFFF
2025-04-18 17:20:21,294 - INFO - Checking icons for Default-theme theme. Icons color: #FFFFFF
2025-04-18 17:20:22,142 - INFO - Checking icons for qt designer app.
2025-04-18 17:20:23,045 - INFO - all icons have been checked and missing icons generated!
2025-04-18 17:35:04,378 - INFO - Checking icons for Default-theme theme. Icons color: #FFFFFF
2025-04-18 17:35:05,254 - INFO - Checking icons for Default-theme theme. Icons color: #FFFFFF
2025-04-18 17:35:06,121 - INFO - Checking icons for qt designer app.
2025-04-18 17:35:06,944 - INFO - all icons have been checked and missing icons generated!
2025-04-18 17:37:30,820 - INFO - Checking icons for Default-theme theme. Icons color: #FFFFFF
2025-04-18 17:37:31,635 - INFO - Checking icons for Default-theme theme. Icons color: #FFFFFF
2025-04-18 17:37:32,448 - INFO - Checking icons for qt designer app.
2025-04-18 17:37:33,295 - INFO - all icons have been checked and missing icons generated!
2025-04-18 17:42:50,227 - INFO - Checking icons for Default-theme theme. Icons color: #FFFFFF
2025-04-18 17:42:51,109 - INFO - Checking icons for Default-theme theme. Icons color: #FFFFFF
2025-04-18 17:42:51,970 - INFO - Checking icons for qt designer app.
2025-04-18 17:42:52,858 - INFO - all icons have been checked and missing icons generated!
2025-04-18 17:50:55,953 - INFO - Checking icons for Default-theme theme. Icons color: #FFFFFF
2025-04-18 17:50:56,867 - INFO - Checking icons for Default-theme theme. Icons color: #FFFFFF
2025-04-18 17:50:57,751 - INFO - Checking icons for qt designer app.
2025-04-18 17:50:58,651 - INFO - all icons have been checked and missing icons generated!
2025-04-18 17:51:24,685 - INFO - Checking icons for Default-theme theme. Icons color: #FFFFFF
2025-04-18 17:51:25,573 - INFO - Checking icons for Default-theme theme. Icons color: #FFFFFF
2025-04-18 17:51:26,475 - INFO - Checking icons for qt designer app.
2025-04-18 17:51:27,320 - INFO - all icons have been checked and missing icons generated!
2025-04-18 17:55:24,996 - INFO - Checking icons for Default-theme theme. Icons color: #FFFFFF
2025-04-18 17:55:25,855 - INFO - Checking icons for Default-theme theme. Icons color: #FFFFFF
2025-04-18 17:55:26,659 - INFO - Checking icons for qt designer app.
2025-04-18 17:55:27,474 - INFO - all icons have been checked and missing icons generated!
2025-04-18 17:58:37,531 - INFO - Checking icons for Default-theme theme. Icons color: #FFFFFF
2025-04-18 17:58:38,410 - INFO - Checking icons for Default-theme theme. Icons color: #FFFFFF
2025-04-18 17:58:39,265 - INFO - Checking icons for qt designer app.
2025-04-18 17:58:40,155 - INFO - all icons have been checked and missing icons generated!
2025-04-18 17:59:39,386 - INFO - Checking icons for Default-theme theme. Icons color: #FFFFFF
2025-04-18 17:59:40,327 - INFO - Checking icons for Default-theme theme. Icons color: #FFFFFF
2025-04-18 17:59:41,239 - INFO - Checking icons for qt designer app.
2025-04-18 17:59:42,073 - INFO - all icons have been checked and missing icons generated!
2025-04-18 18:00:04,465 - INFO - Checking icons for Default-theme theme. Icons color: #FFFFFF
2025-04-18 18:00:05,386 - INFO - Checking icons for Default-theme theme. Icons color: #FFFFFF
2025-04-18 18:00:06,290 - INFO - Checking icons for qt designer app.
2025-04-18 18:00:07,105 - INFO - all icons have been checked and missing icons generated!
2025-04-18 18:01:20,982 - INFO - Checking icons for Default-theme theme. Icons color: #FFFFFF
2025-04-18 18:01:21,903 - INFO - Checking icons for Default-theme theme. Icons color: #FFFFFF
2025-04-18 18:01:22,766 - INFO - Checking icons for qt designer app.
2025-04-18 18:01:23,671 - INFO - all icons have been checked and missing icons generated!
2025-04-18 18:11:44,555 - INFO - Checking icons for Default-theme theme. Icons color: #FFFFFF
2025-04-18 18:11:45,467 - INFO - Checking icons for Default-theme theme. Icons color: #FFFFFF
2025-04-18 18:11:46,359 - INFO - Checking icons for qt designer app.
2025-04-18 18:11:47,173 - INFO - all icons have been checked and missing icons generated!
2025-04-18 18:15:34,958 - INFO - Checking icons for Default-theme theme. Icons color: #FFFFFF
2025-04-18 18:15:35,855 - INFO - Checking icons for Default-theme theme. Icons color: #FFFFFF
2025-04-18 18:15:36,709 - INFO - Checking icons for qt designer app.
2025-04-18 18:15:37,580 - INFO - all icons have been checked and missing icons generated!
2025-04-18 18:22:08,169 - INFO - Checking icons for Default-theme theme. Icons color: #FFFFFF
2025-04-18 18:22:09,078 - INFO - Checking icons for Default-theme theme. Icons color: #FFFFFF
2025-04-18 18:22:09,986 - INFO - Checking icons for qt designer app.
2025-04-18 18:22:10,906 - INFO - all icons have been checked and missing icons generated!
2025-04-18 18:23:49,853 - INFO - Checking icons for Default-theme theme. Icons color: #FFFFFF
2025-04-18 18:23:50,754 - INFO - Checking icons for Default-theme theme. Icons color: #FFFFFF
2025-04-18 18:23:51,634 - INFO - Checking icons for qt designer app.
2025-04-18 18:23:52,552 - INFO - all icons have been checked and missing icons generated!
2025-04-18 18:27:00,914 - INFO - Checking icons for Default-theme theme. Icons color: #FFFFFF
2025-04-18 18:27:01,839 - INFO - Checking icons for Default-theme theme. Icons color: #FFFFFF
2025-04-18 18:27:02,782 - INFO - Checking icons for qt designer app.
2025-04-18 18:27:03,672 - INFO - all icons have been checked and missing icons generated!
2025-04-18 18:29:53,659 - INFO - Checking icons for Default-theme theme. Icons color: #FFFFFF
2025-04-18 18:29:54,583 - INFO - Checking icons for Default-theme theme. Icons color: #FFFFFF
2025-04-18 18:29:55,475 - INFO - Checking icons for qt designer app.
2025-04-18 18:29:56,354 - INFO - all icons have been checked and missing icons generated!
2025-04-18 18:35:30,349 - INFO - Checking icons for Default-theme theme. Icons color: #FFFFFF
2025-04-18 18:35:31,282 - INFO - Checking icons for Default-theme theme. Icons color: #FFFFFF
2025-04-18 18:35:32,195 - INFO - Checking icons for qt designer app.
2025-04-18 18:35:33,071 - INFO - all icons have been checked and missing icons generated!
2025-04-18 18:38:47,492 - INFO - Checking icons for Default-theme theme. Icons color: #FFFFFF
2025-04-18 18:38:48,368 - INFO - Checking icons for Default-theme theme. Icons color: #FFFFFF
2025-04-18 18:38:49,189 - INFO - Checking icons for qt designer app.
2025-04-18 18:38:50,005 - INFO - all icons have been checked and missing icons generated!
2025-04-18 18:39:06,751 - INFO - Checking icons for Default-theme theme. Icons color: #FFFFFF
2025-04-18 18:39:07,714 - INFO - Checking icons for Default-theme theme. Icons color: #FFFFFF
2025-04-18 18:39:08,612 - INFO - Checking icons for qt designer app.
2025-04-18 18:39:09,477 - INFO - all icons have been checked and missing icons generated!
2025-04-18 18:46:06,331 - INFO - Checking icons for Default-theme theme. Icons color: #FFFFFF
2025-04-18 18:46:07,251 - INFO - Checking icons for Default-theme theme. Icons color: #FFFFFF
2025-04-18 18:46:08,182 - INFO - Checking icons for qt designer app.
2025-04-18 18:46:09,072 - INFO - all icons have been checked and missing icons generated!
2025-04-18 18:47:02,073 - INFO - Checking icons for Default-theme theme. Icons color: #FFFFFF
2025-04-18 18:47:03,007 - INFO - Checking icons for Default-theme theme. Icons color: #FFFFFF
2025-04-18 18:47:03,899 - INFO - Checking icons for qt designer app.
2025-04-18 18:47:04,782 - INFO - all icons have been checked and missing icons generated!
2025-04-18 18:48:36,326 - INFO - Checking icons for Default-theme theme. Icons color: #FFFFFF
2025-04-18 18:48:37,338 - INFO - Checking icons for Default-theme theme. Icons color: #FFFFFF
2025-04-18 18:48:38,234 - INFO - Checking icons for qt designer app.
2025-04-18 18:48:39,090 - INFO - all icons have been checked and missing icons generated!
2025-04-18 18:49:12,664 - INFO - Checking icons for Default-theme theme. Icons color: #FFFFFF
2025-04-18 18:49:13,551 - INFO - Checking icons for Default-theme theme. Icons color: #FFFFFF
2025-04-18 18:49:14,474 - INFO - Checking icons for qt designer app.
2025-04-18 18:49:15,310 - INFO - all icons have been checked and missing icons generated!
2025-04-18 18:49:49,683 - INFO - Checking icons for Default-theme theme. Icons color: #FFFFFF
2025-04-18 18:49:50,633 - INFO - Checking icons for Default-theme theme. Icons color: #FFFFFF
2025-04-18 18:49:51,542 - INFO - Checking icons for qt designer app.
2025-04-18 18:49:52,437 - INFO - all icons have been checked and missing icons generated!
